[INFO  - 2017-12-25T12:33:29.588Z] GhostDriver - Main - running on port 58395
[INFO  - 2017-12-25T12:33:30.715Z] Session [d0850670-e96f-11e7-a3a8-378e8f5079a1] - page.settings - {"XSSAuditingEnabled":false,"javascriptCanCloseWindows":true,"javascriptCanOpenWindows":true,"javascriptEnabled":true,"loadImages":false,"localToRemoteUrlAccessEnabled":false,"userAgent":"Mozilla/5.0 (Windows NT 6.1; WOW64) AppleWebKit/537.36 (KHTML, like Gecko) Chrome/57.0.2987.133 Safari/537.36","webSecurityEnabled":true}
[INFO  - 2017-12-25T12:33:30.715Z] Session [d0850670-e96f-11e7-a3a8-378e8f5079a1] - page.customHeaders:  - {}
[INFO  - 2017-12-25T12:33:30.715Z] Session [d0850670-e96f-11e7-a3a8-378e8f5079a1] - Session.negotiatedCapabilities - {"browserName":"phantomjs","version":"2.1.1","driverName":"ghostdriver","driverVersion":"1.2.0","platform":"windows-10-32bit","javascriptEnabled":true,"takesScreenshot":true,"handlesAlerts":false,"databaseEnabled":false,"locationContextEnabled":false,"applicationCacheEnabled":false,"browserConnectionEnabled":false,"cssSelectorsEnabled":true,"webStorageEnabled":false,"rotatable":false,"acceptSslCerts":false,"nativeEvents":true,"proxy":{"proxyType":"direct"},"phantomjs.page.settings.userAgent":"Mozilla/5.0 (Windows NT 6.1; WOW64) AppleWebKit/537.36 (KHTML, like Gecko) Chrome/57.0.2987.133 Safari/537.36","phantomjs.page.settings.loadImages":false}
[INFO  - 2017-12-25T12:33:30.715Z] SessionManagerReqHand - _postNewSessionCommand - New Session Created: d0850670-e96f-11e7-a3a8-378e8f5079a1
[INFO  - 2017-12-25T12:33:33.855Z] Session [d0850670-e96f-11e7-a3a8-378e8f5079a1] - page.settings - {"XSSAuditingEnabled":false,"javascriptCanCloseWindows":true,"javascriptCanOpenWindows":true,"javascriptEnabled":true,"loadImages":false,"localToRemoteUrlAccessEnabled":false,"userAgent":"Mozilla/5.0 (Windows NT 6.1; WOW64) AppleWebKit/537.36 (KHTML, like Gecko) Chrome/57.0.2987.133 Safari/537.36","webSecurityEnabled":true}
[INFO  - 2017-12-25T12:33:33.855Z] Session [d0850670-e96f-11e7-a3a8-378e8f5079a1] - page.customHeaders:  - {}
[INFO  - 2017-12-25T12:33:46.810Z] Session [d0850670-e96f-11e7-a3a8-378e8f5079a1] - page.settings - {"XSSAuditingEnabled":false,"javascriptCanCloseWindows":true,"javascriptCanOpenWindows":true,"javascriptEnabled":true,"loadImages":false,"localToRemoteUrlAccessEnabled":false,"userAgent":"Mozilla/5.0 (Windows NT 6.1; WOW64) AppleWebKit/537.36 (KHTML, like Gecko) Chrome/57.0.2987.133 Safari/537.36","webSecurityEnabled":true}
[INFO  - 2017-12-25T12:33:46.810Z] Session [d0850670-e96f-11e7-a3a8-378e8f5079a1] - page.customHeaders:  - {}
[INFO  - 2017-12-25T12:33:52.398Z] Session [d0850670-e96f-11e7-a3a8-378e8f5079a1] - page.settings - {"XSSAuditingEnabled":false,"javascriptCanCloseWindows":true,"javascriptCanOpenWindows":true,"javascriptEnabled":true,"loadImages":false,"localToRemoteUrlAccessEnabled":false,"userAgent":"Mozilla/5.0 (Windows NT 6.1; WOW64) AppleWebKit/537.36 (KHTML, like Gecko) Chrome/57.0.2987.133 Safari/537.36","webSecurityEnabled":true}
[INFO  - 2017-12-25T12:33:52.398Z] Session [d0850670-e96f-11e7-a3a8-378e8f5079a1] - page.customHeaders:  - {}
[INFO  - 2017-12-25T12:33:58.686Z] Session [d0850670-e96f-11e7-a3a8-378e8f5079a1] - page.settings - {"XSSAuditingEnabled":false,"javascriptCanCloseWindows":true,"javascriptCanOpenWindows":true,"javascriptEnabled":true,"loadImages":false,"localToRemoteUrlAccessEnabled":false,"userAgent":"Mozilla/5.0 (Windows NT 6.1; WOW64) AppleWebKit/537.36 (KHTML, like Gecko) Chrome/57.0.2987.133 Safari/537.36","webSecurityEnabled":true}
[INFO  - 2017-12-25T12:33:58.686Z] Session [d0850670-e96f-11e7-a3a8-378e8f5079a1] - page.customHeaders:  - {}
[INFO  - 2017-12-25T12:34:07.379Z] Session [d0850670-e96f-11e7-a3a8-378e8f5079a1] - page.settings - {"XSSAuditingEnabled":false,"javascriptCanCloseWindows":true,"javascriptCanOpenWindows":true,"javascriptEnabled":true,"loadImages":false,"localToRemoteUrlAccessEnabled":false,"userAgent":"Mozilla/5.0 (Windows NT 6.1; WOW64) AppleWebKit/537.36 (KHTML, like Gecko) Chrome/57.0.2987.133 Safari/537.36","webSecurityEnabled":true}
[INFO  - 2017-12-25T12:34:07.379Z] Session [d0850670-e96f-11e7-a3a8-378e8f5079a1] - page.customHeaders:  - {}
[INFO  - 2017-12-25T12:34:13.396Z] Session [d0850670-e96f-11e7-a3a8-378e8f5079a1] - page.settings - {"XSSAuditingEnabled":false,"javascriptCanCloseWindows":true,"javascriptCanOpenWindows":true,"javascriptEnabled":true,"loadImages":false,"localToRemoteUrlAccessEnabled":false,"userAgent":"Mozilla/5.0 (Windows NT 6.1; WOW64) AppleWebKit/537.36 (KHTML, like Gecko) Chrome/57.0.2987.133 Safari/537.36","webSecurityEnabled":true}
[INFO  - 2017-12-25T12:34:13.396Z] Session [d0850670-e96f-11e7-a3a8-378e8f5079a1] - page.customHeaders:  - {}
[INFO  - 2017-12-25T12:34:19.478Z] Session [d0850670-e96f-11e7-a3a8-378e8f5079a1] - page.settings - {"XSSAuditingEnabled":false,"javascriptCanCloseWindows":true,"javascriptCanOpenWindows":true,"javascriptEnabled":true,"loadImages":false,"localToRemoteUrlAccessEnabled":false,"userAgent":"Mozilla/5.0 (Windows NT 6.1; WOW64) AppleWebKit/537.36 (KHTML, like Gecko) Chrome/57.0.2987.133 Safari/537.36","webSecurityEnabled":true}
[INFO  - 2017-12-25T12:34:19.478Z] Session [d0850670-e96f-11e7-a3a8-378e8f5079a1] - page.customHeaders:  - {}
[INFO  - 2017-12-25T12:34:34.826Z] Session [d0850670-e96f-11e7-a3a8-378e8f5079a1] - page.settings - {"XSSAuditingEnabled":false,"javascriptCanCloseWindows":true,"javascriptCanOpenWindows":true,"javascriptEnabled":true,"loadImages":false,"localToRemoteUrlAccessEnabled":false,"userAgent":"Mozilla/5.0 (Windows NT 6.1; WOW64) AppleWebKit/537.36 (KHTML, like Gecko) Chrome/57.0.2987.133 Safari/537.36","webSecurityEnabled":true}
[INFO  - 2017-12-25T12:34:34.826Z] Session [d0850670-e96f-11e7-a3a8-378e8f5079a1] - page.customHeaders:  - {}
