Sat 23 Dec 2017 15:52:30 INFO guoshui.py 129 9568 开始登录
Sat 23 Dec 2017 15:52:31 INFO guoshui.py 159 9568 登录成功
Sat 23 Dec 2017 15:52:35 INFO guoshui.py 409 9568 开始登录地税
Sat 23 Dec 2017 15:52:36 INFO guoshui.py 418 9568 截取地税申报信息
Sat 23 Dec 2017 15:53:28 INFO guoshui.py 129 8336 开始登录
Sat 23 Dec 2017 15:53:28 INFO guoshui.py 159 8336 登录成功
Sat 23 Dec 2017 15:53:33 INFO guoshui.py 409 8336 开始登录地税
Sat 23 Dec 2017 15:53:34 INFO guoshui.py 418 8336 截取地税申报信息
Sat 23 Dec 2017 15:54:35 INFO guoshui.py 129 6540 开始登录
Sat 23 Dec 2017 15:54:35 INFO guoshui.py 159 6540 登录成功
Sat 23 Dec 2017 15:54:40 INFO guoshui.py 409 6540 开始登录地税
Sat 23 Dec 2017 15:54:40 INFO guoshui.py 418 6540 截取地税申报信息
Sat 23 Dec 2017 15:57:24 INFO guoshui.py 129 12236 开始登录
Sat 23 Dec 2017 15:57:24 INFO guoshui.py 159 12236 登录成功
Sat 23 Dec 2017 15:57:32 INFO guoshui.py 409 12236 开始登录地税
Sat 23 Dec 2017 15:57:32 INFO guoshui.py 418 12236 截取地税申报信息
Sat 23 Dec 2017 16:00:12 INFO guoshui.py 129 5180 开始登录
Sat 23 Dec 2017 16:00:15 INFO guoshui.py 159 5180 登录成功
Sat 23 Dec 2017 16:00:21 INFO guoshui.py 409 5180 开始登录地税
Sat 23 Dec 2017 16:00:21 INFO guoshui.py 418 5180 截取地税申报信息
Sat 23 Dec 2017 16:00:43 INFO guoshui.py 930 5180 截取地税申报信息已完成
Sat 23 Dec 2017 16:00:43 INFO guoshui.py 932 5180 截取地税缴款信息
Sat 23 Dec 2017 16:00:47 INFO guoshui.py 975 5180 地税缴款查询成功
Sat 23 Dec 2017 16:00:47 INFO guoshui.py 975 5180 地税缴款查询成功
Sat 23 Dec 2017 16:00:48 INFO guoshui.py 975 5180 地税缴款查询成功
Sat 23 Dec 2017 16:00:48 INFO guoshui.py 975 5180 地税缴款查询成功
Sat 23 Dec 2017 16:00:49 INFO guoshui.py 975 5180 地税缴款查询成功
Sat 23 Dec 2017 16:00:54 INFO guoshui.py 129 6264 开始登录
Sat 23 Dec 2017 16:00:54 INFO guoshui.py 159 6264 登录成功
Sat 23 Dec 2017 16:00:59 INFO guoshui.py 409 6264 开始登录地税
Sat 23 Dec 2017 16:00:59 INFO guoshui.py 418 6264 截取地税申报信息
Sat 23 Dec 2017 16:02:07 INFO guoshui.py 129 7976 开始登录
Sat 23 Dec 2017 16:02:08 INFO guoshui.py 159 7976 登录成功
Sat 23 Dec 2017 16:02:12 INFO guoshui.py 409 7976 开始登录地税
Sat 23 Dec 2017 16:02:13 INFO guoshui.py 418 7976 截取地税申报信息
Sat 23 Dec 2017 16:24:56 INFO guoshui.py 129 2820 开始登录
Sat 23 Dec 2017 16:24:56 INFO guoshui.py 159 2820 登录成功
Sat 23 Dec 2017 16:25:04 INFO guoshui.py 409 2820 开始登录地税
Sat 23 Dec 2017 16:25:04 INFO guoshui.py 418 2820 截取地税申报信息
Sat 23 Dec 2017 16:33:39 INFO guoshui.py 129 12124 开始登录
Sat 23 Dec 2017 16:33:39 INFO guoshui.py 159 12124 登录成功
Sat 23 Dec 2017 16:33:44 INFO guoshui.py 409 12124 开始登录地税
Sat 23 Dec 2017 16:33:44 INFO guoshui.py 418 12124 截取地税申报信息
Sat 23 Dec 2017 16:34:14 INFO guoshui.py 930 12124 截取地税申报信息已完成
Sat 23 Dec 2017 16:34:14 INFO guoshui.py 932 12124 截取地税缴款信息
Sat 23 Dec 2017 16:38:31 INFO guoshui.py 129 9476 开始登录
Sat 23 Dec 2017 16:38:32 INFO guoshui.py 159 9476 登录成功
Sat 23 Dec 2017 16:38:36 INFO guoshui.py 409 9476 开始登录地税
Sat 23 Dec 2017 16:38:37 INFO guoshui.py 418 9476 截取地税申报信息
Sat 23 Dec 2017 16:39:01 INFO guoshui.py 930 9476 截取地税申报信息已完成
Sat 23 Dec 2017 16:39:01 INFO guoshui.py 932 9476 截取地税缴款信息
Sat 23 Dec 2017 16:43:29 INFO guoshui.py 129 3412 开始登录
Sat 23 Dec 2017 16:43:29 INFO guoshui.py 159 3412 登录成功
Sat 23 Dec 2017 16:43:34 INFO guoshui.py 409 3412 开始登录地税
Sat 23 Dec 2017 16:43:34 INFO guoshui.py 418 3412 截取地税申报信息
Sat 23 Dec 2017 16:43:58 INFO guoshui.py 930 3412 截取地税申报信息已完成
Sat 23 Dec 2017 16:43:58 INFO guoshui.py 932 3412 截取地税缴款信息
Sat 23 Dec 2017 16:44:32 INFO guoshui.py 129 736 开始登录
Sat 23 Dec 2017 16:44:32 INFO guoshui.py 159 736 登录成功
Sat 23 Dec 2017 16:44:37 INFO guoshui.py 409 736 开始登录地税
Sat 23 Dec 2017 16:44:37 INFO guoshui.py 418 736 截取地税申报信息
Sat 23 Dec 2017 16:44:59 INFO guoshui.py 930 736 截取地税申报信息已完成
Sat 23 Dec 2017 16:44:59 INFO guoshui.py 932 736 截取地税缴款信息
Sat 23 Dec 2017 16:47:18 INFO guoshui.py 129 132 开始登录
Sat 23 Dec 2017 16:47:18 INFO guoshui.py 159 132 登录成功
Sat 23 Dec 2017 16:47:27 INFO guoshui.py 409 132 开始登录地税
Sat 23 Dec 2017 16:47:27 INFO guoshui.py 418 132 截取地税申报信息
Sat 23 Dec 2017 16:47:49 INFO guoshui.py 930 132 截取地税申报信息已完成
Sat 23 Dec 2017 16:47:49 INFO guoshui.py 932 132 截取地税缴款信息
Sat 23 Dec 2017 16:47:57 INFO guoshui.py 975 132 地税缴款查询成功
Sat 23 Dec 2017 16:47:58 INFO guoshui.py 975 132 地税缴款查询成功
Sat 23 Dec 2017 16:47:58 INFO guoshui.py 975 132 地税缴款查询成功
Sat 23 Dec 2017 16:48:02 INFO guoshui.py 975 132 地税缴款查询成功
Sat 23 Dec 2017 16:48:02 INFO guoshui.py 975 132 地税缴款查询成功
Sat 23 Dec 2017 16:48:32 INFO guoshui.py 129 2972 开始登录
Sat 23 Dec 2017 16:48:33 INFO guoshui.py 159 2972 登录成功
Sat 23 Dec 2017 16:48:38 INFO guoshui.py 409 2972 开始登录地税
Sat 23 Dec 2017 16:48:38 INFO guoshui.py 418 2972 截取地税申报信息
Sat 23 Dec 2017 16:48:59 INFO guoshui.py 930 2972 截取地税申报信息已完成
Sat 23 Dec 2017 16:48:59 INFO guoshui.py 932 2972 截取地税缴款信息
Sat 23 Dec 2017 16:49:47 INFO guoshui.py 975 2972 地税缴款查询成功
Sat 23 Dec 2017 16:49:59 INFO guoshui.py 129 15444 开始登录
Sat 23 Dec 2017 16:49:59 INFO guoshui.py 159 15444 登录成功
Sat 23 Dec 2017 16:50:05 INFO guoshui.py 409 15444 开始登录地税
Sat 23 Dec 2017 16:50:05 INFO guoshui.py 418 15444 截取地税申报信息
Sat 23 Dec 2017 16:50:26 INFO guoshui.py 930 15444 截取地税申报信息已完成
Sat 23 Dec 2017 16:50:26 INFO guoshui.py 932 15444 截取地税缴款信息
Sat 23 Dec 2017 16:50:30 INFO guoshui.py 975 15444 地税缴款查询成功
Sat 23 Dec 2017 16:50:31 INFO guoshui.py 975 15444 地税缴款查询成功
Sat 23 Dec 2017 16:50:31 INFO guoshui.py 975 15444 地税缴款查询成功
Sat 23 Dec 2017 16:50:32 INFO guoshui.py 975 15444 地税缴款查询成功
Sat 23 Dec 2017 16:50:32 INFO guoshui.py 975 15444 地税缴款查询成功
Sat 23 Dec 2017 16:51:00 INFO guoshui.py 129 1164 开始登录
Sat 23 Dec 2017 16:51:00 INFO guoshui.py 159 1164 登录成功
Sat 23 Dec 2017 16:51:05 INFO guoshui.py 409 1164 开始登录地税
Sat 23 Dec 2017 16:51:05 INFO guoshui.py 418 1164 截取地税申报信息
Sat 23 Dec 2017 16:51:26 INFO guoshui.py 930 1164 截取地税申报信息已完成
Sat 23 Dec 2017 16:51:26 INFO guoshui.py 932 1164 截取地税缴款信息
Sat 23 Dec 2017 16:53:20 INFO guoshui.py 129 16760 开始登录
Sat 23 Dec 2017 16:53:23 INFO guoshui.py 159 16760 登录成功
Sat 23 Dec 2017 16:53:31 INFO guoshui.py 409 16760 开始登录地税
Sat 23 Dec 2017 16:53:32 INFO guoshui.py 418 16760 截取地税申报信息
Sat 23 Dec 2017 16:53:55 INFO guoshui.py 930 16760 截取地税申报信息已完成
Sat 23 Dec 2017 16:53:55 INFO guoshui.py 932 16760 截取地税缴款信息
Sat 23 Dec 2017 16:54:51 INFO guoshui.py 129 8312 开始登录
Sat 23 Dec 2017 16:54:51 INFO guoshui.py 159 8312 登录成功
Sat 23 Dec 2017 16:54:56 INFO guoshui.py 409 8312 开始登录地税
Sat 23 Dec 2017 16:54:57 INFO guoshui.py 418 8312 截取地税申报信息
Sat 23 Dec 2017 16:55:18 INFO guoshui.py 930 8312 截取地税申报信息已完成
Sat 23 Dec 2017 16:55:18 INFO guoshui.py 932 8312 截取地税缴款信息
Sat 23 Dec 2017 16:55:49 INFO guoshui.py 129 15136 开始登录
Sat 23 Dec 2017 16:55:49 INFO guoshui.py 159 15136 登录成功
Sat 23 Dec 2017 16:55:55 INFO guoshui.py 409 15136 开始登录地税
Sat 23 Dec 2017 16:55:55 INFO guoshui.py 418 15136 截取地税申报信息
Sat 23 Dec 2017 16:56:21 INFO guoshui.py 930 15136 截取地税申报信息已完成
Sat 23 Dec 2017 16:56:21 INFO guoshui.py 932 15136 截取地税缴款信息
Sat 23 Dec 2017 16:57:02 INFO guoshui.py 129 1368 开始登录
Sat 23 Dec 2017 16:57:02 INFO guoshui.py 159 1368 登录成功
Sat 23 Dec 2017 16:57:07 INFO guoshui.py 409 1368 开始登录地税
Sat 23 Dec 2017 16:57:07 INFO guoshui.py 418 1368 截取地税申报信息
Sat 23 Dec 2017 16:57:29 INFO guoshui.py 930 1368 截取地税申报信息已完成
Sat 23 Dec 2017 16:57:29 INFO guoshui.py 932 1368 截取地税缴款信息
Sat 23 Dec 2017 16:57:46 INFO guoshui.py 977 1368 地税缴款查询成功
Sat 23 Dec 2017 16:57:52 INFO guoshui.py 977 1368 地税缴款查询成功
Sat 23 Dec 2017 16:57:58 INFO guoshui.py 977 1368 地税缴款查询成功
